Build started 20/01/2015 6:23:16 CH.
     1>Project "E:\Programming\Web\TabuSearchDemo\C++\TabuSearch\TabuSearch\TabuSearch.vcxproj" on node 2 (Build target(s)).
     1>ClCompile:
         C:\Program Files (x86)\Microsoft Visual Studio 12.0\VC\bin\CL.exe /c /ZI /nologo /W3 /WX- /Od /Oy- /D WIN32 /D _DEBUG /D _CONSOLE /D _LIB /D _UNICODE /D UNICODE /Gm /EHsc /RTC1 /MDd /GS /fp:precise /Zc:wchar_t /Zc:forScope /Fo"Debug\\" /Fd"Debug\vc120.pdb" /Gd /TP /analyze- /errorReport:prompt Solution.cpp
         Solution.cpp
     1>e:\programming\web\tabusearchdemo\c++\tabusearch\tabusearch\solution.cpp(5): warning C4244: 'initializing' : conversion from 'int' to 'float', possible loss of data
     1>e:\programming\web\tabusearchdemo\c++\tabusearch\tabusearch\solution.cpp(6): warning C4244: 'initializing' : conversion from 'int' to 'float', possible loss of data
     1>e:\programming\web\tabusearchdemo\c++\tabusearch\tabusearch\solution.cpp(31): warning C4996: 'fopen': This function or variable may be unsafe. Consider using fopen_s instead. To disable deprecation, use _CRT_SECURE_NO_WARNINGS. See online help for details.
                 c:\program files (x86)\microsoft visual studio 12.0\vc\include\stdio.h(211) : see declaration of 'fopen'
     1>e:\programming\web\tabusearchdemo\c++\tabusearch\tabusearch\solution.cpp(32): warning C4996: 'fscanf': This function or variable may be unsafe. Consider using fscanf_s instead. To disable deprecation, use _CRT_SECURE_NO_WARNINGS. See online help for details.
                 c:\program files (x86)\microsoft visual studio 12.0\vc\include\stdio.h(230) : see declaration of 'fscanf'
     1>e:\programming\web\tabusearchdemo\c++\tabusearch\tabusearch\solution.cpp(35): warning C4996: 'fscanf': This function or variable may be unsafe. Consider using fscanf_s instead. To disable deprecation, use _CRT_SECURE_NO_WARNINGS. See online help for details.
                 c:\program files (x86)\microsoft visual studio 12.0\vc\include\stdio.h(230) : see declaration of 'fscanf'
     1>e:\programming\web\tabusearchdemo\c++\tabusearch\tabusearch\solution.cpp(38): warning C4996: 'fscanf': This function or variable may be unsafe. Consider using fscanf_s instead. To disable deprecation, use _CRT_SECURE_NO_WARNINGS. See online help for details.
                 c:\program files (x86)\microsoft visual studio 12.0\vc\include\stdio.h(230) : see declaration of 'fscanf'
     1>e:\programming\web\tabusearchdemo\c++\tabusearch\tabusearch\solution.cpp(173): warning C4996: 'fopen': This function or variable may be unsafe. Consider using fopen_s instead. To disable deprecation, use _CRT_SECURE_NO_WARNINGS. See online help for details.
                 c:\program files (x86)\microsoft visual studio 12.0\vc\include\stdio.h(211) : see declaration of 'fopen'
       Link:
         C:\Program Files (x86)\Microsoft Visual Studio 12.0\VC\bin\link.exe /ERRORREPORT:PROMPT /OUT:"E:\Programming\Web\TabuSearchDemo\C++\TabuSearch\Debug\TabuSearch.exe" /INCREMENTAL /NOLOGO kernel32.lib user32.lib gdi32.lib winspool.lib comdlg32.lib advapi32.lib shell32.lib ole32.lib oleaut32.lib uuid.lib odbc32.lib odbccp32.lib /MANIFEST /MANIFESTUAC:"level='asInvoker' uiAccess='false'" /manifest:embed /DEBUG /PDB:"E:\Programming\Web\TabuSearchDemo\C++\TabuSearch\Debug\TabuSearch.pdb" /SUBSYSTEM:CONSOLE /TLBID:1 /DYNAMICBASE /NXCOMPAT /IMPLIB:"E:\Programming\Web\TabuSearchDemo\C++\TabuSearch\Debug\TabuSearch.lib" /MACHINE:X86 Debug\main.obj
         Debug\Solution.obj
         Debug\SolutionContent.obj
         Debug\TabuList.obj
         TabuSearch.vcxproj -> E:\Programming\Web\TabuSearchDemo\C++\TabuSearch\Debug\TabuSearch.exe
     1>Done Building Project "E:\Programming\Web\TabuSearchDemo\C++\TabuSearch\TabuSearch\TabuSearch.vcxproj" (Build target(s)).

Build succeeded.

Time Elapsed 00:00:00.37
